<?xml version="1.0" encoding="UTF-8"?>
<testsuite xmlns:xsi="http://www.w3.org/2001/XMLSchema-instance" xsi:noNamespaceSchemaLocation="https://maven.apache.org/surefire/maven-surefire-plugin/xsd/surefire-test-report-3.0.xsd" version="3.0" name="TestSuite" time="22.705" tests="4" errors="0" skipped="0" failures="0">
  <properties>
[...]
</properties>
  <testcase name="invalidLoginErrorMessageValidation" classname="testcases.LoginTest" time="1.527"/>
  <testcase name="invalidLoginErrorMessageValidation" classname="testcases.LoginTest" time="1.511"/>
  <testcase name="invalidLoginErrorMessageValidation" classname="testcases.LoginTest" time="0.792"/>
  <testcase name="invalidLoginErrorMessageValidation" classname="testcases.LoginTest" time="0.736"/>
</testsuite>